{
  "RSpec": {
    "coverage": {
      "/Users/josquire/Desktop/DPL/week5/school_app/app/controllers/classrooms_controller.rb": [
        1,
        1,
        1,
        1,
        0,
        null,
        null,
        1,
        null,
        null,
        1,
        3,
        null,
        null,
        1,
        3,
        3,
        2,
        null,
        1,
        null,
        null,
        null,
        1,
        null,
        null,
        1,
        3,
        2,
        null,
        1,
        null,
        null,
        null,
        1,
        2,
        2,
        2,
        null,
        null,
        1,
        null,
        1,
        11,
        null,
        null,
        1,
        6,
        null,
        null,
        1,
        17,
        null,
        null,
        null
      ],
      "/Users/josquire/Desktop/DPL/week5/school_app/app/controllers/application_controller.rb": [
        1,
        1,
        null
      ],
      "/Users/josquire/Desktop/DPL/week5/school_app/spec/controllers/schools_controller_spec.rb": [
        1,
        null,
        1,
        null,
        1,
        1,
        1,
        1,
        null,
        null,
        1,
        1,
        1,
        null,
        null,
        1,
        1,
        1,
        1,
        1,
        null,
        null,
        1,
        1,
        1,
        null,
        null,
        null,
        1,
        1,
        3,
        3,
        null,
        null,
        1,
        1,
        null,
        null,
        1,
        1,
        null,
        null,
        1,
        1,
        null,
        null,
        null,
        1,
        1,
        3,
        null,
        null,
        1,
        1,
        null,
        null,
        1,
        1,
        null,
        null,
        1,
        1,
        null,
        null,
        null,
        1,
        1,
        3,
        3,
        null,
        null,
        1,
        1,
        null,
        null,
        1,
        1,
        null,
        null,
        1,
        1,
        null,
        null,
        null,
        1,
        1,
        4,
        null,
        null,
        1,
        1,
        3,
        null,
        null,
        1,
        1,
        null,
        null,
        1,
        1,
        1,
        null,
        null,
        1,
        1,
        null,
        null,
        null,
        1,
        1,
        1,
        1,
        1,
        1,
        null,
        null,
        null,
        null,
        1,
        1,
        3,
        3,
        null,
        null,
        1,
        1,
        2,
        null,
        null,
        1,
        1,
        null,
        null,
        1,
        1,
        null,
        null,
        null,
        1,
        1,
        1,
        1,
        1,
        1,
        null,
        null,
        null,
        null,
        1,
        1,
        3,
        3,
        null,
        null,
        1,
        1,
        null,
        null,
        1,
        1,
        null,
        null,
        1,
        1,
        null,
        null,
        null,
        null
      ],
      "/Users/josquire/Desktop/DPL/week5/school_app/app/controllers/schools_controller.rb": [
        1,
        1,
        null,
        1,
        4,
        null,
        null,
        1,
        3,
        null,
        null,
        1,
        3,
        null,
        null,
        1,
        4,
        4,
        3,
        null,
        1,
        null,
        null,
        null,
        1,
        null,
        null,
        1,
        3,
        2,
        null,
        1,
        null,
        null,
        null,
        1,
        3,
        3,
        3,
        null,
        null,
        1,
        null,
        null,
        1,
        12,
        null,
        null,
        1,
        7,
        null,
        null,
        null
      ],
      "/Users/josquire/Desktop/DPL/week5/school_app/spec/helpers/classrooms_helper_spec.rb": [
        1,
        null,
        null,
        null,
        null,
        null,
        null,
        null,
        null,
        null,
        null,
        null,
        1,
        1,
        null
      ],
      "/Users/josquire/Desktop/DPL/week5/school_app/spec/helpers/schools_helper_spec.rb": [
        1,
        null,
        null,
        null,
        null,
        null,
        null,
        null,
        null,
        null,
        null,
        null,
        1,
        1,
        null
      ],
      "/Users/josquire/Desktop/DPL/week5/school_app/spec/models/classroom_spec.rb": [
        1,
        null,
        1,
        1,
        2,
        2,
        null,
        null
      ],
      "/Users/josquire/Desktop/DPL/week5/school_app/app/models/classroom.rb": [
        1,
        1,
        1,
        null
      ],
      "/Users/josquire/Desktop/DPL/week5/school_app/app/models/application_record.rb": [
        1,
        1,
        null
      ],
      "/Users/josquire/Desktop/DPL/week5/school_app/spec/models/school_spec.rb": [
        1,
        null,
        1,
        1,
        2,
        2,
        null,
        null
      ],
      "/Users/josquire/Desktop/DPL/week5/school_app/app/models/school.rb": [
        1,
        1,
        1,
        null
      ],
      "/Users/josquire/Desktop/DPL/week5/school_app/spec/views/classrooms/edit.html.erb_spec.rb": [
        1,
        null,
        1,
        1,
        null
      ],
      "/Users/josquire/Desktop/DPL/week5/school_app/spec/views/classrooms/new.html.erb_spec.rb": [
        1,
        null,
        1,
        1,
        null
      ],
      "/Users/josquire/Desktop/DPL/week5/school_app/spec/views/classrooms/show.html.erb_spec.rb": [
        1,
        null,
        1,
        1,
        null
      ],
      "/Users/josquire/Desktop/DPL/week5/school_app/spec/views/schools/edit.html.erb_spec.rb": [
        1,
        null,
        1,
        1,
        null
      ],
      "/Users/josquire/Desktop/DPL/week5/school_app/spec/views/schools/index.html.erb_spec.rb": [
        1,
        null,
        1,
        1,
        null
      ],
      "/Users/josquire/Desktop/DPL/week5/school_app/spec/views/schools/new.html.erb_spec.rb": [
        1,
        null,
        1,
        1,
        null
      ],
      "/Users/josquire/Desktop/DPL/week5/school_app/spec/views/schools/show.html.erb_spec.rb": [
        1,
        null,
        1,
        1,
        null
      ]
    },
    "timestamp": 1472752141
  }
}
