{
  "RSpec": {
    "coverage": {
      "/Users/josquire/Desktop/DPL/week5/school_app/app/controllers/classrooms_controller.rb": [
        1,
        1,
        1,
        1,
        0,
        null,
        null,
        1,
        null,
        null,
        1,
        3,
        null,
        null,
        1,
        3,
        3,
        2,
        null,
        1,
        null,
        null,
        null,
        1,
        null,
        null,
        1,
        3,
        2,
        null,
        1,
        null,
        null,
        null,
        1,
        2,
        2,
        2,
        null,
        null,
        1,
        null,
        1,
        11,
        null,
        null,
        1,
        6,
        null,
        null,
        1,
        17,
        null,
        null,
        null
      ],
      "/Users/josquire/Desktop/DPL/week5/school_app/app/controllers/application_controller.rb": [
        1,
        1,
        null
      ],
      "/Users/josquire/Desktop/DPL/week5/school_app/app/models/school.rb": [
        1,
        1,
        1,
        null
      ],
      "/Users/josquire/Desktop/DPL/week5/school_app/app/models/application_record.rb": [
        1,
        1,
        null
      ],
      "/Users/josquire/Desktop/DPL/week5/school_app/app/models/classroom.rb": [
        1,
        1,
        1,
        null
      ]
    },
    "timestamp": 1472783837
  }
}
